<?xml version="1.0" encoding="UTF-8"?>
<robot generator="Robot 4.0.3 (Python 3.9.4 on win32)" generated="20210609 13:56:31.055" rpa="false" schemaversion="2">
<suite id="s1" name="Dicionarios" source="C:\Users\Denis Guimarães\Documents\Automação de Testes\Robot\RobotXpert\start\dicionarios.robot">
<test id="s1-t1" name="Obtendo valores de um dicionário">
<kw name="Log To Console" library="BuiltIn">
<arg>${CARRO.hp}</arg>
<doc>Logs the given message to the console.</doc>
<status status="PASS" starttime="20210609 13:56:31.097" endtime="20210609 13:56:31.098"/>
</kw>
<status status="PASS" starttime="20210609 13:56:31.097" endtime="20210609 13:56:31.099"/>
</test>
<doc>Conhecendo os Dicionários do Robot (Nativo do Python)</doc>
<status status="PASS" starttime="20210609 13:56:31.064" endtime="20210609 13:56:31.100"/>
</suite>
<statistics>
<total>
<stat pass="1" fail="0" skip="0">All Tests</stat>
</total>
<tag>
</tag>
<suite>
<stat pass="1" fail="0" skip="0" id="s1" name="Dicionarios">Dicionarios</stat>
</suite>
</statistics>
<errors>
</errors>
</robot>
