<?xml version="1.0" encoding="UTF-8"?>
<robot generator="Robot 4.0.3 (Python 3.9.4 on win32)" generated="20210609 13:16:42.613" rpa="false" schemaversion="2">
<suite id="s1" name="Variaveis" source="C:\Users\Denis Guimarães\Documents\Automação de Testes\Robot\RobotXpert\start\variaveis.robot">
<test id="s1-t1" name="Exemplo 01">
<kw name="Obter Nome" library="nome">
<var>${nome}</var>
<msg timestamp="20210609 13:16:42.661" level="INFO">${nome} = Fernando</msg>
<status status="PASS" starttime="20210609 13:16:42.661" endtime="20210609 13:16:42.662"/>
</kw>
<kw name="Set Suite Variable" library="BuiltIn">
<arg>${nome}</arg>
<doc>Makes a variable available everywhere within the scope of the current suite.</doc>
<msg timestamp="20210609 13:16:42.664" level="INFO">${nome} = Fernando</msg>
<status status="PASS" starttime="20210609 13:16:42.662" endtime="20210609 13:16:42.664"/>
</kw>
<kw name="Log To Console" library="BuiltIn">
<arg>${nome}</arg>
<doc>Logs the given message to the console.</doc>
<status status="PASS" starttime="20210609 13:16:42.664" endtime="20210609 13:16:42.667"/>
</kw>
<kw name="Log To Console" library="BuiltIn">
<arg>${APELIDO}</arg>
<doc>Logs the given message to the console.</doc>
<status status="PASS" starttime="20210609 13:16:42.668" endtime="20210609 13:16:42.668"/>
</kw>
<status status="PASS" starttime="20210609 13:16:42.660" endtime="20210609 13:16:42.669"/>
</test>
<test id="s1-t2" name="Exemplo 02">
<kw name="Log To Console" library="BuiltIn">
<arg>${nome}</arg>
<doc>Logs the given message to the console.</doc>
<status status="PASS" starttime="20210609 13:16:42.672" endtime="20210609 13:16:42.673"/>
</kw>
<kw name="Log To Console" library="BuiltIn">
<arg>${APELIDO}</arg>
<doc>Logs the given message to the console.</doc>
<status status="PASS" starttime="20210609 13:16:42.673" endtime="20210609 13:16:42.675"/>
</kw>
<status status="PASS" starttime="20210609 13:16:42.670" endtime="20210609 13:16:42.676"/>
</test>
<doc>Exemplos de variáveis</doc>
<status status="PASS" starttime="20210609 13:16:42.615" endtime="20210609 13:16:42.678"/>
</suite>
<statistics>
<total>
<stat pass="2" fail="0" skip="0">All Tests</stat>
</total>
<tag>
</tag>
<suite>
<stat pass="2" fail="0" skip="0" id="s1" name="Variaveis">Variaveis</stat>
</suite>
</statistics>
<errors>
</errors>
</robot>
