<?xml version="1.0" encoding="UTF-8"?>
<robot generator="Robot 4.0.3 (Python 3.9.4 on win32)" generated="20210608 21:56:26.276" rpa="false" schemaversion="2">
<suite id="s1" name="Condicionais" source="C:\Users\Denis Guimarães\Documents\Automação de Testes\Robot\RobotXpert\start\condicionais.robot">
<test id="s1-t1" name="Navegador">
<kw name="Set Variable" library="BuiltIn">
<var>${browser}</var>
<arg>Firefox</arg>
<doc>Returns the given values which can then be assigned to a variables.</doc>
<msg timestamp="20210608 21:56:26.307" level="INFO">${browser} = Firefox</msg>
<status status="PASS" starttime="20210608 21:56:26.307" endtime="20210608 21:56:26.307"/>
</kw>
<if>
<branch type="IF" condition="'${browser}' == 'Firefox'">
<kw name="Log To Console" library="BuiltIn">
<arg>Chamando o Firefox</arg>
<doc>Logs the given message to the console.</doc>
<status status="PASS" starttime="20210608 21:56:26.308" endtime="20210608 21:56:26.309"/>
</kw>
<status status="PASS" starttime="20210608 21:56:26.308" endtime="20210608 21:56:26.309"/>
</branch>
<status status="PASS" starttime="20210608 21:56:26.307" endtime="20210608 21:56:26.309"/>
</if>
<tag>browser</tag>
<status status="PASS" starttime="20210608 21:56:26.306" endtime="20210608 21:56:26.309"/>
</test>
<doc>Trabalhando com Condicionais (Tomadas de decisões e validações)</doc>
<status status="PASS" starttime="20210608 21:56:26.279" endtime="20210608 21:56:26.312"/>
</suite>
<statistics>
<total>
<stat pass="1" fail="0" skip="0">All Tests</stat>
</total>
<tag>
<stat pass="1" fail="0" skip="0">browser</stat>
</tag>
<suite>
<stat pass="1" fail="0" skip="0" id="s1" name="Condicionais">Condicionais</stat>
</suite>
</statistics>
<errors>
</errors>
</robot>
