<?xml version="1.0" encoding="UTF-8"?>
<robot generator="Robot 4.0.3 (Python 3.9.4 on win32)" generated="20210608 20:58:03.688" rpa="false" schemaversion="2">
<suite id="s1" name="Conta" source="C:\Users\Denis Guimarães\Documents\Automação de Testes\Robot\RobotXpert\start\conta.robot">
<test id="s1-t1" name="Quando abro uma nova conta deve retornar saldo ZERADO">
<kw name="Abrir Conta" library="ContaLibrary">
<status status="PASS" starttime="20210608 20:58:03.725" endtime="20210608 20:58:03.725"/>
</kw>
<kw name="Obter Saldo" library="ContaLibrary">
<var>${saldo_final}</var>
<msg timestamp="20210608 20:58:03.726" level="INFO">${saldo_final} = 0.0</msg>
<status status="PASS" starttime="20210608 20:58:03.726" endtime="20210608 20:58:03.726"/>
</kw>
<kw name="Convert To Number" library="BuiltIn">
<var>${saldo_esperado}</var>
<arg>0.0</arg>
<doc>Converts the given item to a floating point number.</doc>
<msg timestamp="20210608 20:58:03.727" level="INFO">${saldo_esperado} = 0.0</msg>
<status status="PASS" starttime="20210608 20:58:03.727" endtime="20210608 20:58:03.727"/>
</kw>
<kw name="Log" library="BuiltIn">
<arg>${saldo_final}</arg>
<doc>Logs the given message with the given level.</doc>
<msg timestamp="20210608 20:58:03.728" level="INFO">0.0</msg>
<status status="PASS" starttime="20210608 20:58:03.728" endtime="20210608 20:58:03.728"/>
</kw>
<kw name="Log" library="BuiltIn">
<arg>${saldo_esperado}</arg>
<doc>Logs the given message with the given level.</doc>
<msg timestamp="20210608 20:58:03.729" level="INFO">0.0</msg>
<status status="PASS" starttime="20210608 20:58:03.729" endtime="20210608 20:58:03.729"/>
</kw>
<kw name="Should Be Equal" library="BuiltIn">
<arg>${saldo_final}</arg>
<arg>${saldo_esperado}</arg>
<doc>Fails if the given objects are unequal.</doc>
<status status="PASS" starttime="20210608 20:58:03.729" endtime="20210608 20:58:03.730"/>
</kw>
<status status="PASS" starttime="20210608 20:58:03.722" endtime="20210608 20:58:03.730"/>
</test>
<doc>Suite para testar a classe ContaLibrary</doc>
<status status="PASS" starttime="20210608 20:58:03.690" endtime="20210608 20:58:03.732"/>
</suite>
<statistics>
<total>
<stat pass="1" fail="0" skip="0">All Tests</stat>
</total>
<tag>
</tag>
<suite>
<stat pass="1" fail="0" skip="0" id="s1" name="Conta">Conta</stat>
</suite>
</statistics>
<errors>
</errors>
</robot>
